<?xml version="1.0" encoding="UTF-8"?>
<!-- Generated by org.testng.reporters.JUnitXMLReporter -->
<testsuite ignored="0" hostname="DESKTOP-NB5U873" failures="0" tests="3" name="loanCalculator" time="17.603" errors="0" timestamp="2020-10-17T14:54:05 COT">
  <testcase classname="org.tyba.tests.QuotaLoanCalculationTests" name="calculateQuotaWithDefaultData" time="0.818"/>
  <testcase classname="org.tyba.tests.QuotaLoanCalculationTests" name="checCreditValueRequired" time="0.828"/>
  <testcase classname="org.tyba.tests.QuotaLoanCalculationTests" name="checkUserCanProcessCredit" time="1.09"/>
</testsuite> <!-- loanCalculator -->
