<?xml version="1.0" encoding="UTF-8"?>
<!-- Generated by org.testng.reporters.JUnitXMLReporter -->
<testsuite ignored="0" hostname="DESKTOP-NB5U873" failures="0" tests="3" name="Default test" time="17.452" errors="0" timestamp="2020-10-17T14:51:26 COT">
  <testcase classname="org.tyba.tests.LendCalculatorTest" name="calculateLoanWithDefaultData" time="0.405"/>
  <testcase classname="org.tyba.tests.LendCalculatorTest" name="checkMontlyIncomeRequired" time="0.718"/>
  <testcase classname="org.tyba.tests.LendCalculatorTest" name="checkUserCanProcessCredit" time="1.017"/>
</testsuite> <!-- Default test -->
