<?xml version="1.0" encoding="UTF-8"?>
<testng-results ignored="0" total="3" passed="3" failed="0" skipped="0">
  <reporter-output>
  </reporter-output>
  <suite started-at="2020-10-17T14:53:47 COT" name="Test Loan calculator and planner" finished-at="2020-10-17T14:54:05 COT" duration-ms="17603">
    <groups>
    </groups>
    <test started-at="2020-10-17T14:53:47 COT" name="loanCalculator" finished-at="2020-10-17T14:54:05 COT" duration-ms="17603">
      <class name="org.tyba.tests.QuotaLoanCalculationTests">
        <test-method is-config="true" signature="initializeDriver()[pri:0, instance:org.tyba.tests.QuotaLoanCalculationTests@1ddf84b8]" started-at="2020-10-17T14:53:47 COT" name="initializeDriver" finished-at="2020-10-17T14:53:56 COT" duration-ms="9141" status="PASS">
          <reporter-output>
          </reporter-output>
        </test-method> <!-- initializeDriver -->
        <test-method signature="calculateQuotaWithDefaultData()[pri:1, instance:org.tyba.tests.QuotaLoanCalculationTests@1ddf84b8]" started-at="2020-10-17T14:53:56 COT" name="calculateQuotaWithDefaultData" description="Check if the user can calculate the payment quota" finished-at="2020-10-17T14:53:57 COT" duration-ms="818" status="PASS">
          <reporter-output>
          </reporter-output>
        </test-method> <!-- calculateQuotaWithDefaultData -->
        <test-method is-config="true" signature="testSetUp()[pri:0, instance:org.tyba.tests.QuotaLoanCalculationTests@1ddf84b8]" started-at="2020-10-17T14:53:57 COT" name="testSetUp" finished-at="2020-10-17T14:53:59 COT" duration-ms="1963" status="PASS">
          <reporter-output>
          </reporter-output>
        </test-method> <!-- testSetUp -->
        <test-method signature="checCreditValueRequired()[pri:2, instance:org.tyba.tests.QuotaLoanCalculationTests@1ddf84b8]" started-at="2020-10-17T14:53:59 COT" name="checCreditValueRequired" description="Check if the calculate button is disable when the user only set text in credit value field" finished-at="2020-10-17T14:54:00 COT" duration-ms="828" status="PASS">
          <reporter-output>
          </reporter-output>
        </test-method> <!-- checCreditValueRequired -->
        <test-method is-config="true" signature="testSetUp()[pri:0, instance:org.tyba.tests.QuotaLoanCalculationTests@1ddf84b8]" started-at="2020-10-17T14:54:00 COT" name="testSetUp" finished-at="2020-10-17T14:54:02 COT" duration-ms="1933" status="PASS">
          <reporter-output>
          </reporter-output>
        </test-method> <!-- testSetUp -->
        <test-method signature="checkUserCanProcessCredit()[pri:3, instance:org.tyba.tests.QuotaLoanCalculationTests@1ddf84b8]" started-at="2020-10-17T14:54:02 COT" name="checkUserCanProcessCredit" description="Check if the user can click on process credit and the pop up is located" finished-at="2020-10-17T14:54:03 COT" duration-ms="1090" status="PASS">
          <reporter-output>
          </reporter-output>
        </test-method> <!-- checkUserCanProcessCredit -->
        <test-method is-config="true" signature="testSetUp()[pri:0, instance:org.tyba.tests.QuotaLoanCalculationTests@1ddf84b8]" started-at="2020-10-17T14:54:03 COT" name="testSetUp" finished-at="2020-10-17T14:54:05 COT" duration-ms="1808" status="PASS">
          <reporter-output>
          </reporter-output>
        </test-method> <!-- testSetUp -->
        <test-method is-config="true" signature="tearDown(org.testng.ITestContext)[pri:0, instance:org.tyba.tests.QuotaLoanCalculationTests@1ddf84b8]" started-at="2020-10-17T14:54:05 COT" name="tearDown" finished-at="2020-10-17T14:54:05 COT" duration-ms="611" status="PASS">
          <params>
            <param index="0">
              <value>
                <![CDATA[org.testng.TestRunner@2a4f5433]]>
              </value>
            </param>
          </params>
          <reporter-output>
          </reporter-output>
        </test-method> <!-- tearDown -->
      </class> <!-- org.tyba.tests.QuotaLoanCalculationTests -->
    </test> <!-- loanCalculator -->
  </suite> <!-- Test Loan calculator and planner -->
</testng-results>
